[DEBUG] -------------------------------------------------- 1. NAP --------------------------------------------------
[DEBUG] Rendel a raktár: 210-t a 5. napra.
[DEBUG] ---------- 1. Bolt ----------
[DEBUG] Ennyit rendel a bolt mara: 116
[DEBUG] Bolti keszlet: 366
[DEBUG] Ennyit akarnak venni: 142
[DEBUG] Ennyi terméket adtak el: 142
[DEBUG] HIBA (bolti kidobás): 13
[DEBUG] Bolti keszlet: 211
[DEBUG] ---------- 2. Bolt ----------
[DEBUG] Ennyit rendel a bolt mara: 108
[DEBUG] Bolti keszlet: 358
[DEBUG] Ennyit akarnak venni: 136
[DEBUG] Ennyi terméket adtak el: 136
[DEBUG] HIBA (bolti kidobás): 6
[DEBUG] Bolti keszlet: 216
[DEBUG] -------------------------
[DEBUG] HIBA (raktari kidobás): 0
[DEBUG] Raktár készlet: 776
[DEBUG] Counter({'store_throwout': 19, 'warehouse_throwout': 0})
[DEBUG] -------------------------------------------------- 2. NAP --------------------------------------------------
[DEBUG] ---------- 1. Bolt ----------
[DEBUG] Ennyit rendel a bolt mara: 107
[DEBUG] Bolti keszlet: 318
[DEBUG] Ennyit akarnak venni: 115
[DEBUG] Ennyi terméket adtak el: 115
[DEBUG] HIBA (bolti kidobás): 0
[DEBUG] Bolti keszlet: 203
[DEBUG] ---------- 2. Bolt ----------
[DEBUG] Ennyit rendel a bolt mara: 83
[DEBUG] Bolti keszlet: 299
[DEBUG] Ennyit akarnak venni: 76
[DEBUG] Ennyi terméket adtak el: 76
[DEBUG] HIBA (bolti kidobás): 11
[DEBUG] Bolti keszlet: 212
[DEBUG] -------------------------
[DEBUG] HIBA (raktari kidobás): 0
[DEBUG] Raktár készlet: 586
[DEBUG] Counter({'store_throwout': 30, 'warehouse_throwout': 0})
[DEBUG] -------------------------------------------------- 3. NAP --------------------------------------------------
[DEBUG] ---------- 1. Bolt ----------
[DEBUG] Ennyit rendel a bolt mara: 117
[DEBUG] Bolti keszlet: 320
[DEBUG] Ennyit akarnak venni: 153
[DEBUG] Ennyi terméket adtak el: 153
[DEBUG] HIBA (bolti kidobás): 0
[DEBUG] Bolti keszlet: 167
[DEBUG] ---------- 2. Bolt ----------
[DEBUG] Ennyit rendel a bolt mara: 98
[DEBUG] Bolti keszlet: 310
[DEBUG] Ennyit akarnak venni: 111
[DEBUG] Ennyi terméket adtak el: 111
[DEBUG] HIBA (bolti kidobás): 0
[DEBUG] Bolti keszlet: 199
[DEBUG] -------------------------
[DEBUG] HIBA (raktari kidobás): 0
[DEBUG] Raktár készlet: 371
[DEBUG] Counter({'store_throwout': 30, 'warehouse_throwout': 0})
[DEBUG] -------------------------------------------------- 4. NAP --------------------------------------------------
[DEBUG] ---------- 1. Bolt ----------
[DEBUG] Ennyit rendel a bolt mara: 105
[DEBUG] Bolti keszlet: 272
[DEBUG] Ennyit akarnak venni: 98
[DEBUG] Ennyi terméket adtak el: 98
[DEBUG] HIBA (bolti kidobás): 0
[DEBUG] Bolti keszlet: 174
[DEBUG] ---------- 2. Bolt ----------
[DEBUG] Ennyit rendel a bolt mara: 81
[DEBUG] Bolti keszlet: 280
[DEBUG] Ennyit akarnak venni: 52
[DEBUG] Ennyi terméket adtak el: 52
[DEBUG] HIBA (bolti kidobás): 0
[DEBUG] Bolti keszlet: 228
[DEBUG] -------------------------
[DEBUG] HIBA (raktari kidobás): 0
[DEBUG] Raktár készlet: 185
[DEBUG] Counter({'store_throwout': 30, 'warehouse_throwout': 0})
[DEBUG] -------------------------------------------------- 5. NAP --------------------------------------------------
[DEBUG] ---------- 1. Bolt ----------
[DEBUG] Ennyit rendel a bolt mara: 109
[DEBUG] Bolti keszlet: 283
[DEBUG] Ennyit akarnak venni: 106
[DEBUG] Ennyi terméket adtak el: 106
[DEBUG] HIBA (bolti kidobás): 0
[DEBUG] Bolti keszlet: 177
[DEBUG] ---------- 2. Bolt ----------
[DEBUG] Ennyit rendel a bolt mara: 101
[DEBUG] Bolti keszlet: 329
[DEBUG] Ennyit akarnak venni: 101
[DEBUG] Ennyi terméket adtak el: 101
[DEBUG] HIBA (bolti kidobás): 0
[DEBUG] Bolti keszlet: 228
[DEBUG] -------------------------
[DEBUG] HIBA (raktari kidobás): 0
[DEBUG] Raktár készlet: 58
[DEBUG] Counter({'store_throwout': 30, 'warehouse_throwout': 0})
[INFO] not_enough_in_store : 0
[INFO] not_enough_in_warehouse : 0
[INFO] store_throwout : 30
[INFO] warehouse_throwout : 0
